app/build/intermediates/manifest_merge_blame_file/debug/manifest-merger-blame-debug-report.txt
1<?xml version="1.0" encoding="utf-8"?>
2<manifest xmlns:android="http://schemas.android.com/apk/res/android"
3    package="com.cryptoloversbots.talkcoinz2"
4    android:versionCode="1"
5    android:versionName="1.0" >
6
7    <uses-sdk
8        android:minSdkVersion="16"
8-->src\main\AndroidManifest.xml
9        android:targetSdkVersion="28" />
9-->src\main\AndroidManifest.xml
10
11    <uses-permission android:name="android.permission.INTERNET" />
11-->src\main\AndroidManifest.xml:5:5-67
11-->src\main\AndroidManifest.xml:5:22-64
12    <uses-permission android:name="android.permission.WRITE_EXTERNAL_STORAGE" />
12-->src\main\AndroidManifest.xml:6:5-81
12-->src\main\AndroidManifest.xml:6:22-78
13    <uses-permission android:name="android.permission.READ_EXTERNAL_STORAGE" />
13-->src\main\AndroidManifest.xml:7:5-80
13-->src\main\AndroidManifest.xml:7:22-77
14    <uses-permission android:name="android.permission.ACCESS_NETWORK_STATE" />
14-->[com.google.firebase:firebase-database:16.0.4] AndroidManifest.xml:22:5-79
14-->[com.google.firebase:firebase-database:16.0.4] AndroidManifest.xml:22:22-76
15    <uses-permission android:name="android.permission.WAKE_LOCK" />
15-->[com.google.firebase:firebase-measurement-connector-impl:17.0.2] AndroidManifest.xml:24:5-68
15-->[com.google.firebase:firebase-measurement-connector-impl:17.0.2] AndroidManifest.xml:24:22-65
16    <uses-permission android:name="com.google.android.finsky.permission.BIND_GET_INSTALL_REFERRER_SERVICE" /> <!-- Required by older versions of Google Play services to create IID tokens -->
16-->[com.google.firebase:firebase-analytics:16.0.4] AndroidManifest.xml:26:5-110
16-->[com.google.firebase:firebase-analytics:16.0.4] AndroidManifest.xml:26:22-107
17    <uses-permission android:name="com.google.android.c2dm.permission.RECEIVE" />
17-->[com.google.firebase:firebase-iid:17.0.4] AndroidManifest.xml:26:5-82
17-->[com.google.firebase:firebase-iid:17.0.4] AndroidManifest.xml:26:22-79
18
19    <application
19-->src\main\AndroidManifest.xml:9:5-31:19
20        android:allowBackup="true"
20-->src\main\AndroidManifest.xml:10:9-35
21        android:appComponentFactory="androidx.core.app.CoreComponentFactory"
21-->[androidx.core:core:1.1.0] AndroidManifest.xml:24:18-86
22        android:debuggable="true"
23        android:icon="@mipmap/ic_launcher"
23-->src\main\AndroidManifest.xml:11:9-43
24        android:label="@string/app_name"
24-->src\main\AndroidManifest.xml:12:9-41
25        android:roundIcon="@mipmap/ic_launcher_round"
25-->src\main\AndroidManifest.xml:13:9-54
26        android:supportsRtl="true"
26-->src\main\AndroidManifest.xml:14:9-35
27        android:testOnly="true"
28        android:theme="@style/AppTheme" >
28-->src\main\AndroidManifest.xml:15:9-40
29        <activity android:name="com.cryptoloversbots.talkcoinz2.MessageActivity" />
29-->src\main\AndroidManifest.xml:16:9-62
29-->src\main\AndroidManifest.xml:16:19-50
30        <activity android:name="com.cryptoloversbots.talkcoinz2.StartActivity" >
30-->src\main\AndroidManifest.xml:17:9-23:20
30-->src\main\AndroidManifest.xml:17:19-48
31            <intent-filter>
31-->src\main\AndroidManifest.xml:18:13-22:29
32                <action android:name="android.intent.action.MAIN" />
32-->src\main\AndroidManifest.xml:19:17-69
32-->src\main\AndroidManifest.xml:19:25-66
33
34                <category android:name="android.intent.category.LAUNCHER" />
34-->src\main\AndroidManifest.xml:21:17-77
34-->src\main\AndroidManifest.xml:21:27-74
35            </intent-filter>
36        </activity>
37        <activity
37-->src\main\AndroidManifest.xml:24:9-26:59
38            android:name="com.cryptoloversbots.talkcoinz2.RegisterActivity"
38-->src\main\AndroidManifest.xml:25:13-45
39            android:parentActivityName="com.cryptoloversbots.talkcoinz2.StartActivity" />
39-->src\main\AndroidManifest.xml:26:13-56
40        <activity android:name="com.cryptoloversbots.talkcoinz2.MainActivity" />
40-->src\main\AndroidManifest.xml:27:9-50
40-->src\main\AndroidManifest.xml:27:19-47
41        <activity
41-->src\main\AndroidManifest.xml:28:9-30:59
42            android:name="com.cryptoloversbots.talkcoinz2.LoginActivity"
42-->src\main\AndroidManifest.xml:29:13-42
43            android:parentActivityName="com.cryptoloversbots.talkcoinz2.StartActivity" />
43-->src\main\AndroidManifest.xml:30:13-56
44        <activity
44-->[com.google.firebase:firebase-auth:16.0.5] AndroidManifest.xml:24:9-31:50
45            android:name="com.google.firebase.auth.internal.FederatedSignInActivity"
45-->[com.google.firebase:firebase-auth:16.0.5] AndroidManifest.xml:25:13-85
46            android:excludeFromRecents="true"
46-->[com.google.firebase:firebase-auth:16.0.5] AndroidManifest.xml:26:13-46
47            android:exported="true"
47-->[com.google.firebase:firebase-auth:16.0.5] AndroidManifest.xml:27:13-36
48            android:launchMode="singleTask"
48-->[com.google.firebase:firebase-auth:16.0.5] AndroidManifest.xml:28:13-44
49            android:permission="com.google.firebase.auth.api.gms.permission.LAUNCH_FEDERATED_SIGN_IN"
49-->[com.google.firebase:firebase-auth:16.0.5] AndroidManifest.xml:29:13-102
50            android:theme="@android:style/Theme.Translucent.NoTitleBar" />
50-->[com.google.firebase:firebase-auth:16.0.5] AndroidManifest.xml:30:13-72
51
52        <service
52-->[com.google.firebase:firebase-auth:16.0.5] AndroidManifest.xml:33:9-39:19
53            android:name="com.google.firebase.components.ComponentDiscoveryService"
53-->[com.google.firebase:firebase-auth:16.0.5] AndroidManifest.xml:34:13-84
54            android:exported="false" >
54-->[com.google.firebase:firebase-auth:16.0.5] AndroidManifest.xml:35:13-37
55            <meta-data
55-->[com.google.firebase:firebase-auth:16.0.5] AndroidManifest.xml:36:13-38:85
56                android:name="com.google.firebase.components:com.google.firebase.auth.FirebaseAuthRegistrar"
56-->[com.google.firebase:firebase-auth:16.0.5] AndroidManifest.xml:37:17-109
57                android:value="com.google.firebase.components.ComponentRegistrar" />
57-->[com.google.firebase:firebase-auth:16.0.5] AndroidManifest.xml:38:17-82
58            <meta-data
58-->[com.google.firebase:firebase-measurement-connector-impl:17.0.2] AndroidManifest.xml:28:13-30:85
59                android:name="com.google.firebase.components:com.google.firebase.analytics.connector.internal.AnalyticsConnectorRegistrar"
59-->[com.google.firebase:firebase-measurement-connector-impl:17.0.2] AndroidManifest.xml:29:17-139
60                android:value="com.google.firebase.components.ComponentRegistrar" />
60-->[com.google.firebase:firebase-measurement-connector-impl:17.0.2] AndroidManifest.xml:30:17-82
61            <meta-data
61-->[com.google.firebase:firebase-iid:17.0.4] AndroidManifest.xml:32:13-34:85
62                android:name="com.google.firebase.components:com.google.firebase.iid.Registrar"
62-->[com.google.firebase:firebase-iid:17.0.4] AndroidManifest.xml:33:17-96
63                android:value="com.google.firebase.components.ComponentRegistrar" />
63-->[com.google.firebase:firebase-iid:17.0.4] AndroidManifest.xml:34:17-82
64        </service>
65        <!--
66             FirebaseMessagingService performs security checks at runtime,
67             no need for explicit permissions despite exported="true"
68        -->
69        <service
69-->[com.google.firebase:firebase-messaging:17.3.4] AndroidManifest.xml:28:9-34:19
70            android:name="com.google.firebase.messaging.FirebaseMessagingService"
70-->[com.google.firebase:firebase-messaging:17.3.4] AndroidManifest.xml:29:13-82
71            android:exported="true" >
71-->[com.google.firebase:firebase-messaging:17.3.4] AndroidManifest.xml:30:13-36
72            <intent-filter android:priority="-500" >
72-->[com.google.firebase:firebase-messaging:17.3.4] AndroidManifest.xml:31:13-33:29
72-->[com.google.firebase:firebase-messaging:17.3.4] AndroidManifest.xml:31:28-51
73                <action android:name="com.google.firebase.MESSAGING_EVENT" />
73-->[com.google.firebase:firebase-messaging:17.3.4] AndroidManifest.xml:32:17-78
73-->[com.google.firebase:firebase-messaging:17.3.4] AndroidManifest.xml:32:25-75
74            </intent-filter>
75        </service>
76
77        <receiver
77-->[com.google.firebase:firebase-analytics:16.0.4] AndroidManifest.xml:29:9-33:20
78            android:name="com.google.android.gms.measurement.AppMeasurementReceiver"
78-->[com.google.firebase:firebase-analytics:16.0.4] AndroidManifest.xml:30:13-85
79            android:enabled="true"
79-->[com.google.firebase:firebase-analytics:16.0.4] AndroidManifest.xml:31:13-35
80            android:exported="false" >
80-->[com.google.firebase:firebase-analytics:16.0.4] AndroidManifest.xml:32:13-37
81        </receiver>
82        <receiver
82-->[com.google.firebase:firebase-analytics:16.0.4] AndroidManifest.xml:34:9-42:20
83            android:name="com.google.android.gms.measurement.AppMeasurementInstallReferrerReceiver"
83-->[com.google.firebase:firebase-analytics:16.0.4] AndroidManifest.xml:35:13-100
84            android:enabled="true"
84-->[com.google.firebase:firebase-analytics:16.0.4] AndroidManifest.xml:36:13-35
85            android:exported="true"
85-->[com.google.firebase:firebase-analytics:16.0.4] AndroidManifest.xml:37:13-36
86            android:permission="android.permission.INSTALL_PACKAGES" >
86-->[com.google.firebase:firebase-analytics:16.0.4] AndroidManifest.xml:38:13-69
87            <intent-filter>
87-->[com.google.firebase:firebase-analytics:16.0.4] AndroidManifest.xml:39:13-41:29
88                <action android:name="com.android.vending.INSTALL_REFERRER" />
88-->[com.google.firebase:firebase-analytics:16.0.4] AndroidManifest.xml:40:17-79
88-->[com.google.firebase:firebase-analytics:16.0.4] AndroidManifest.xml:40:25-76
89            </intent-filter>
90        </receiver>
91
92        <service
92-->[com.google.firebase:firebase-analytics:16.0.4] AndroidManifest.xml:44:9-47:40
93            android:name="com.google.android.gms.measurement.AppMeasurementService"
93-->[com.google.firebase:firebase-analytics:16.0.4] AndroidManifest.xml:45:13-84
94            android:enabled="true"
94-->[com.google.firebase:firebase-analytics:16.0.4] AndroidManifest.xml:46:13-35
95            android:exported="false" />
95-->[com.google.firebase:firebase-analytics:16.0.4] AndroidManifest.xml:47:13-37
96        <service
96-->[com.google.firebase:firebase-analytics:16.0.4] AndroidManifest.xml:48:9-52:72
97            android:name="com.google.android.gms.measurement.AppMeasurementJobService"
97-->[com.google.firebase:firebase-analytics:16.0.4] AndroidManifest.xml:49:13-87
98            android:enabled="true"
98-->[com.google.firebase:firebase-analytics:16.0.4] AndroidManifest.xml:50:13-35
99            android:exported="false"
99-->[com.google.firebase:firebase-analytics:16.0.4] AndroidManifest.xml:51:13-37
100            android:permission="android.permission.BIND_JOB_SERVICE" />
100-->[com.google.firebase:firebase-analytics:16.0.4] AndroidManifest.xml:52:13-69
101
102        <receiver
102-->[com.google.firebase:firebase-iid:17.0.4] AndroidManifest.xml:37:9-44:20
103            android:name="com.google.firebase.iid.FirebaseInstanceIdReceiver"
103-->[com.google.firebase:firebase-iid:17.0.4] AndroidManifest.xml:38:13-78
104            android:exported="true"
104-->[com.google.firebase:firebase-iid:17.0.4] AndroidManifest.xml:39:13-36
105            android:permission="com.google.android.c2dm.permission.SEND" >
105-->[com.google.firebase:firebase-iid:17.0.4] AndroidManifest.xml:40:13-73
106            <intent-filter>
106-->[com.google.firebase:firebase-iid:17.0.4] AndroidManifest.xml:41:13-43:29
107                <action android:name="com.google.android.c2dm.intent.RECEIVE" />
107-->[com.google.firebase:firebase-iid:17.0.4] AndroidManifest.xml:42:17-81
107-->[com.google.firebase:firebase-iid:17.0.4] AndroidManifest.xml:42:25-78
108            </intent-filter>
109        </receiver>
110        <!--
111             FirebaseInstanceIdService performs security checks at runtime,
112             no need for explicit permissions despite exported="true"
113        -->
114        <service
114-->[com.google.firebase:firebase-iid:17.0.4] AndroidManifest.xml:50:9-56:19
115            android:name="com.google.firebase.iid.FirebaseInstanceIdService"
115-->[com.google.firebase:firebase-iid:17.0.4] AndroidManifest.xml:51:13-77
116            android:exported="true" >
116-->[com.google.firebase:firebase-iid:17.0.4] AndroidManifest.xml:52:13-36
117            <intent-filter android:priority="-500" >
117-->[com.google.firebase:firebase-iid:17.0.4] AndroidManifest.xml:53:13-55:29
117-->[com.google.firebase:firebase-iid:17.0.4] AndroidManifest.xml:53:28-51
118                <action android:name="com.google.firebase.INSTANCE_ID_EVENT" />
118-->[com.google.firebase:firebase-iid:17.0.4] AndroidManifest.xml:54:17-80
118-->[com.google.firebase:firebase-iid:17.0.4] AndroidManifest.xml:54:25-77
119            </intent-filter>
120        </service>
121
122        <activity
122-->[com.google.android.gms:play-services-base:16.0.1] AndroidManifest.xml:23:9-26:75
123            android:name="com.google.android.gms.common.api.GoogleApiActivity"
123-->[com.google.android.gms:play-services-base:16.0.1] AndroidManifest.xml:24:13-79
124            android:exported="false"
124-->[com.google.android.gms:play-services-base:16.0.1] AndroidManifest.xml:25:13-37
125            android:theme="@android:style/Theme.Translucent.NoTitleBar" />
125-->[com.google.android.gms:play-services-base:16.0.1] AndroidManifest.xml:26:13-72
126
127        <provider
127-->[com.google.firebase:firebase-common:16.0.3] AndroidManifest.xml:10:9-14:39
128            android:name="com.google.firebase.provider.FirebaseInitProvider"
128-->[com.google.firebase:firebase-common:16.0.3] AndroidManifest.xml:11:13-77
129            android:authorities="com.cryptoloversbots.talkcoinz2.firebaseinitprovider"
129-->[com.google.firebase:firebase-common:16.0.3] AndroidManifest.xml:12:13-72
130            android:exported="false"
130-->[com.google.firebase:firebase-common:16.0.3] AndroidManifest.xml:13:13-37
131            android:initOrder="100" />
131-->[com.google.firebase:firebase-common:16.0.3] AndroidManifest.xml:14:13-36
132
133        <meta-data
133-->[com.google.android.gms:play-services-basement:16.1.0] AndroidManifest.xml:23:9-25:69
134            android:name="com.google.android.gms.version"
134-->[com.google.android.gms:play-services-basement:16.1.0] AndroidManifest.xml:24:13-58
135            android:value="@integer/google_play_services_version" />
135-->[com.google.android.gms:play-services-basement:16.1.0] AndroidManifest.xml:25:13-66
136    </application>
137
138</manifest>